-0.0681794   -0.381021   0.26251
-0.226201   0.278089   0.458034
0.180096   0.49931   -0.451996
0.289726   -0.469728   0.11498
0.171569   0.12876   0.0281867
-0.345314   0.119942   -0.219778
-0.324043   0.277673   -0.369234
0.200658   0.419241   -0.490258
-0.149862   0.36632   0.00196664
-0.29982   0.283964   0.0311071
0.0237986   0.213555   0.159136
0.143738   0.334853   -0.135117
-0.0722524   -0.33351   -0.204482
-0.184387   0.0340262   0.0433045
-0.205743   -0.309671   -0.341529
0.158997   -0.381372   0.468922
-0.0481241   -0.0788109   0.268801
0.323811   0.451366   0.209174
-0.0321081   0.374812   0.00623627
-0.173568   -0.111248   0.107706
0.150305   -0.37957   0.175792
-0.489262   0.271838   -0.392506
0.414667   0.277706   -0.0334309
-0.243654   -0.185973   -0.467133
-0.176501   -0.217585   -0.0556309
-0.24853   -0.365719   0.178453
0.480616   -0.494645   0.280885
0.125148   0.240238   0.223346
0.0220194   -0.052818   0.287738
-0.164501   -0.0132718   -0.495749
0.354716   -0.357136   0.13015
0.308559   -0.0999734   -0.354975
-0.203243   -0.425343   -0.417819
-0.229621   0.00587038   -0.0181556
-0.396707   -0.319043   0.280257
0.272877   0.309927   0.152602
-0.397363   0.33696   -0.342545
-0.31459   -0.0917538   -0.00487544
-0.191132   -0.301456   -0.0518817
-0.391295   -0.457766   0.383177
-0.127308   0.326675   -0.0712753
0.472171   0.281359   0.489332
0.111426   -0.0194537   -0.271552
0.220724   -0.230848   -0.316685
-0.483752   0.34246   -0.355656
0.200121   0.110631   -0.358645
-0.397698   0.43175   0.0565821
-0.432009   -0.367386   -0.103317
0.460312   -0.222583   0.143949
-0.387497   0.277519   0.00653012
-0.1127   -0.328915   0.348536
-0.452162   0.198296   -0.0551916
0.146194   -0.301453   -0.499841
0.0398807   -0.38382   -0.448757
-0.428315   -0.164016   0.484674
-0.322607   -0.000389564   0.276118
-0.47227   0.326277   0.421252
-0.181767   0.337548   0.433023
0.475641   0.474784   0.109041
-0.148106   -0.401926   0.207004
-0.251763   -0.242225   -0.397437
-0.163731   -0.427866   0.0579959
-0.0836292   -0.18955   0.0656148
0.489637   -0.301094   0.376501
-0.219637   0.166017   -0.39157
0.089121   0.486996   -0.230274
-0.233902   -0.3193   0.427747
0.414398   -0.0134428   0.161968
-0.288197   -0.382558   0.245673
0.348661   0.0965104   -0.0737854
-0.185677   0.440768   0.133866
-0.196773   0.211756   0.399959
-0.240936   -0.392215   0.383676
-0.0315703   -0.387153   0.184403
-0.313937   0.450886   0.0834812
0.183536   0.111207   0.425666
-0.248698   -0.172307   0.0951472
0.338652   -0.108363   0.0860507
-0.0593951   0.490083   0.106588
-0.144955   -0.328664   0.151266
0.259579   0.38125   -0.0769187
-0.26974   -0.300882   0.243504
0.102647   0.106631   0.052034
0.205441   -0.00429716   0.0992184
0.491256   0.210611   0.0178497
-0.387877   -0.433381   0.215538
-0.165139   -0.149273   0.0410042
0.128334   0.343558   0.284438
0.292233   -0.246669   -0.0857339
-0.144605   -0.23623   0.390421
-0.245649   0.290091   0.326019
-0.310107   -0.392614   -0.0163401
0.075082   -0.243068   -0.487727
-0.313019   0.404257   0.211791
-0.327699   -0.163164   -0.497815
0.120284   0.181273   -0.0857976
0.450363   -0.0820377   0.063536
0.0243297   0.0543582   -0.2614
-0.269069   -0.272201   0.156046
-0.247087   -0.333003   0.337895
0.456485   0.00635478   -0.0137408
-0.0429829   -0.396059   0.0964972
0.0185724   -0.223851   -0.437693
-0.264891   -0.215023   0.00788684
0.332202   -0.235769   -0.00679547
0.438198   -0.128858   -0.0855381
-0.367352   0.478676   -0.213625
-0.466571   0.326292   -0.467578
