-1.12998   1.85782   -0.0841121
-0.618489   0.267259   0.328167
0.989534   1.08201   0.0206561
-1.29393   0.343377   -1.34964
0.6683   0.860858   -0.901089
-1.61923   0.0707709   -1.27898
-0.798034   -2.30481   0.492004
-0.778377   -0.0709082   1.30958
-1.35315   -0.299313   0.106862
-0.837776   -0.0550953   -0.503918
-0.372432   1.38476   -0.0717244
0.413711   0.488143   -0.325273
0.712874   -0.0999487   -0.439334
-1.02288   -0.369558   -1.97748
1.28739   1.02117   -1.97124
-1.54877   0.287097   -0.230504
-0.426308   -0.49156   -0.0228301
1.00693   -1.08142   -0.363562
-0.923303   2.71371   1.51257
-0.408288   -0.838723   -2.00394
0.163617   0.771718   1.85961
0.553973   0.578646   -0.394205
-0.109948   0.833601   1.21115
0.288173   1.99852   -1.92915
-0.527876   0.522387   -0.317865
-1.15254   -1.57298   0.0101773
-0.639525   -1.40002   0.398515
-0.715288   -0.22867   1.53096
0.906115   0.950862   -0.256534
-1.48155   -0.977745   -1.38546
-0.322989   -3.43307   -2.52438
-0.14831   1.08295   0.412516
1.67643   0.24082   -0.675759
-0.559049   2.32376   -2.11054
-0.486831   -0.882575   0.602149
-0.766857   0.516187   -0.0380815
-0.605076   -1.27928   1.74008
3.24024   0.104947   -1.03925
-1.70309   -0.254716   1.46749
2.52809   0.75905   0.287693
-2.48761   0.0214185   -0.491289
1.59766   0.148705   -0.283364
-1.85006   -1.53765   -0.843435
0.0803932   -3.07185   1.91154
-0.183263   0.196393   1.03171
1.84997   0.293881   0.864241
0.00534855   -1.51873   -0.937599
-1.76893   0.534921   -0.333251
-0.65927   0.832864   -1.01001
1.59435   0.485622   0.840958
-2.31788   -0.281155   0.754282
0.203157   -0.0593538   -0.456979
0.866106   1.02832   -0.636197
-0.21234   -0.284856   -0.756927
0.205092   -1.52448   -0.17327
-0.206806   0.996022   1.58946
-1.32038   1.22752   0.579262
-1.24749   0.469691   0.665733
-0.4124   0.0151692   -1.17373
1.01819   1.12313   -1.67007
0.356489   -0.0509672   -0.962824
1.79752   -1.82699   -0.644103
-1.26385   -2.32614   0.311971
0.00310146   -1.03706   1.0322
2.19454   -0.280839   0.0543581
0.740106   -0.824346   -2.07105
0.178549   1.06332   0.432315
-0.988791   -0.407932   2.20565
-0.302063   -0.609378   -0.412014
-1.01266   0.298807   0.591135
1.10735   0.241527   -0.324172
-0.590291   -0.226998   -1.76307
0.222795   -0.609687   -0.112989
0.265101   -0.212675   0.0131433
-1.43803   0.848441   -0.57843
-0.41326   -2.43038   -0.231321
0.758102   2.27797   1.39276
-0.557794   -0.72586   2.01599
-0.520569   0.434681   -0.884395
-0.364967   0.386495   0.787016
2.02974   1.24588   0.220802
0.0314183   0.883407   -0.32728
-0.710673   0.415911   -2.0093
-0.738087   -1.41329   1.69039
1.52369   -1.44782   0.509167
0.772645   -1.25669   0.449917
1.35538   -1.22098   0.208953
0.000695291   1.43623   0.662288
1.24952   1.67732   2.03336
1.99303   0.808182   0.990632
1.39971   0.628122   1.43207
-0.209299   -0.454025   -0.931568
1.30918   1.53668   -0.292853
1.64036   -0.355579   1.3409
-0.0579703   0.100201   -0.0464565
-0.536901   -0.165893   -0.247859
-0.204107   1.90788   -0.873977
1.47996   0.0527006   -0.30328
2.36288   0.171964   1.4936
2.39544   0.754099   -0.834832
-0.501487   -0.256306   0.0764781
-1.00405   -0.00247059   -0.650923
-0.365818   -1.33249   0.767703
0.0371478   -0.922644   -0.139653
-2.33016   1.3166   0.988396
-0.516106   -2.526   0.695461
0.871686   0.476296   0.913842
-0.288566   -0.554874   0.765438
