0.4786   0.284047   -0.446144
-0.362432   0.451067   -0.436233
0.488022   0.431983   -0.273823
-0.340178   0.281069   -0.273907
-0.194641   0.285   -0.440533
-0.0176273   0.440537   -0.44232
-0.191294   0.453404   -0.284428
-0.0355047   0.269563   -0.267362
0.153473   0.285205   -0.415174
0.32494   0.44394   -0.427247
0.142217   0.456208   -0.263556
0.319823   0.259215   -0.273946
0.487562   -0.387028   -0.430709
-0.364187   -0.231258   -0.421488
0.465272   -0.202318   -0.264041
-0.366852   -0.386289   -0.263329
-0.197118   -0.385244   -0.426473
-0.0283158   -0.227096   -0.425295
-0.18828   -0.197264   -0.25572
-0.0455773   -0.386588   -0.270122
0.141098   -0.399332   -0.435484
0.324496   -0.232063   -0.445129
0.167891   -0.201964   -0.295871
0.308012   -0.386539   -0.284079
0.484786   -0.0636393   -0.419224
-0.357876   0.12872   -0.426586
0.480226   0.117513   -0.275698
-0.347643   -0.043051   -0.273864
-0.171538   -0.0705832   -0.436196
-0.049386   0.107975   -0.45696
-0.18093   0.108215   -0.261832
-0.0204641   -0.0428996   -0.271536
0.146501   -0.0211761   -0.43436
0.321494   0.110097   -0.455755
0.147051   0.118839   -0.251379
0.316594   -0.0311459   -0.283073
0.478776   0.30008   -0.104052
-0.341183   0.444415   -0.0987987
0.470927   0.456751   0.0633114
-0.346807   0.290418   0.0650006
-0.194165   0.267938   -0.0896743
-0.0313321   0.427165   -0.101966
-0.18497   0.453407   0.0563474
-0.0397191   0.284163   0.0611789
0.128895   0.285729   -0.0924907
0.311299   0.440184   -0.122075
0.13401   0.461329   0.0427806
0.315759   0.294918   0.050288
0.467682   -0.402975   -0.105464
-0.361044   -0.206421   -0.0941174
0.478783   -0.239079   0.0579623
-0.340206   -0.368262   0.0857399
-0.196635   -0.39405   -0.0975711
-0.0141102   -0.225411   -0.12683
-0.16704   -0.217778   0.0706253
-0.02514   -0.364329   0.0576135
0.140738   -0.383871   -0.105934
0.300845   -0.22383   -0.100384
0.148087   -0.212373   0.0833246
0.308936   -0.38884   0.061615
0.492513   -0.0428113   -0.100938
-0.370192   0.118824   -0.110488
0.493879   0.129432   0.0584229
-0.361897   -0.0278795   0.0784007
-0.218745   -0.0390629   -0.0877806
-0.0256813   0.116936   -0.0947733
-0.194779   0.120973   0.0629581
-0.019603   -0.0372548   0.0627376
0.137626   -0.0479701   -0.100475
0.321316   0.117004   -0.0913099
0.153065   0.12471   0.0758707
0.303144   -0.0491809   0.0679171
0.490762   0.288955   0.218527
-0.348352   0.460808   0.22527
0.480276   0.441135   0.388226
-0.359341   0.280822   0.400155
-0.187398   0.306494   0.213746
-0.00617477   0.439275   0.238589
-0.187539   0.441669   0.404945
-0.0252049   0.284777   0.390758
0.150256   0.295497   0.223866
0.305321   0.441   0.22984
0.154193   0.431092   0.410617
0.313957   0.285864   0.379965
0.476281   -0.391632   0.24487
-0.360109   -0.192351   0.22064
0.498027   -0.225617   0.398748
-0.336903   -0.381046   0.39206
-0.178264   -0.397035   0.240555
-0.0120838   -0.208934   0.256547
-0.180849   -0.230048   0.395774
-0.0373954   -0.380651   0.412494
0.142639   -0.378886   0.242189
0.31757   -0.232515   0.252879
0.148038   -0.237977   0.420127
0.314253   -0.410523   0.393119
0.473142   -0.0519316   0.229687
-0.360869   0.108101   0.249028
0.497416   0.100748   0.412642
-0.33393   -0.0618909   0.397779
-0.191816   -0.058398   0.224161
-0.0144602   0.114937   0.231154
-0.181186   0.12301   0.380258
-0.0328458   -0.0596544   0.409577
0.142602   -0.0472046   0.237897
0.327913   0.13565   0.226382
0.164094   0.121085   0.401123
0.321952   -0.0753593   0.412818
